<?xml version="1.0" encoding="UTF-8"?>
<project xmlns="http://maven.apache.org/POM/4.0.0" xmlns:xsi="http://www.w3.org/2001/XMLSchema-instance" xsi:schemaLocation="http://maven.apache.org/POM/4.0.0 http://maven.apache.org/maven-v4_0_0.xsd">
  <modelVersion>4.0.0</modelVersion>
  <groupId>test</groupId>
  <artifactId>test</artifactId>
  <version>1.0.0</version>
  <build>
    <defaultGoal>install</defaultGoal>
    <plugins>
      <plugin>
  <groupId>com.google.code.idgenerator</groupId>
  <artifactId>maven-idgenerator-plugin</artifactId>
        <configuration>
          <baseDirectory>src/test/resources/fail</baseDirectory>
          <fileSuffix>.xhtml</fileSuffix>
          <elements>(a:elem)|(h:outputText)|(e:elem)|(xx:elem)</elements>
        </configuration>
      </plugin>
    </plugins>
  </build>
</project>

